<?xml version="1.0" encoding="UTF-8"?>
<!-- Generated by org.testng.reporters.JUnitXMLReporter -->
<testsuite hostname="DESKTOP-PU16VBP" ignored="0" name="Default test" tests="3" failures="0" timestamp="2021-04-16T11:31:52 CDT" time="3.798" errors="0">
  <testcase name="test_01_get_BlueTeslaCarsWithNotes" time="1.186" classname="RentalCarsMocking.RentalCarsApiTests"/>
  <testcase name="test_02_get_LowestCarPriceAndLowestDiscount" time="0.317" classname="RentalCarsMocking.RentalCarsApiTests"/>
  <testcase name="test_03_printAllCarsWith_HighestRevenue" time="0.486" classname="RentalCarsMocking.RentalCarsApiTests"/>
</testsuite> <!-- Default test -->
