<?xml version="1.0" encoding="UTF-8"?>
<!-- Generated by org.testng.reporters.JUnitXMLReporter -->
<testsuite hostname="DESKTOP-PU16VBP" ignored="0" name="Default test" tests="3" failures="0" timestamp="2021-01-07T18:06:07 CST" time="9.981" errors="0">
  <testcase name="check_accountno_Test" time="3.345" classname="com.Tests.get_ApiTest"/>
  <testcase name="getMethod_Test" time="2.093" classname="com.Tests.get_ApiTest"/>
  <testcase name="getSalary_Test" time="1.563" classname="com.Tests.get_ApiTest"/>
</testsuite> <!-- Default test -->
