<?xml version="1.0" encoding="UTF-8"?>
<!-- Generated by org.testng.reporters.JUnitXMLReporter -->
<testsuite hostname="DESKTOP-PU16VBP" ignored="2" name="Login Test" tests="1" failures="0" timestamp="2021-01-07T16:26:58 CST" time="5.522" errors="0">
  <testcase name="TC3_login_With_Invalid_Method_Test" time="0.195" classname="com.Tests.LoginApiTest"/>
  <testcase name="TC1_login_Invalid_Username_Test" time="0.0" classname="com.Tests.LoginApiTest">
    <ignored/>
  </testcase> <!-- TC1_login_Invalid_Username_Test -->
  <testcase name="TC2_login_Invalid_password_Test" time="0.0" classname="com.Tests.LoginApiTest">
    <ignored/>
  </testcase> <!-- TC2_login_Invalid_password_Test -->
</testsuite> <!-- Login Test -->
