<?xml version="1.0" encoding="UTF-8"?>
<!-- Generated by org.testng.reporters.JUnitXMLReporter -->
<testsuite hostname="DESKTOP-PU16VBP" ignored="2" name="Test" tests="1" failures="0" timestamp="2021-01-06T19:46:55 CST" time="2.781" errors="0">
  <testcase name="TC3_login_With_Invalid_Method_Test" time="0.17" classname="com.Tests.LoginApiTest"/>
  <testcase name="TC1_login_Invalid_Username_Test" time="0.0" classname="com.Tests.LoginApiTest">
    <ignored/>
  </testcase> <!-- TC1_login_Invalid_Username_Test -->
  <testcase name="TC2_login_Invalid_password_Test" time="0.0" classname="com.Tests.LoginApiTest">
    <ignored/>
  </testcase> <!-- TC2_login_Invalid_password_Test -->
</testsuite> <!-- Test -->
