<?xml version="1.0" encoding="UTF-8"?>
<testng-results skipped="0" failed="0" ignored="0" total="3" passed="3">
  <reporter-output>
  </reporter-output>
  <suite name="Default suite" duration-ms="3798" started-at="2021-04-16T11:31:49 CDT" finished-at="2021-04-16T11:31:52 CDT">
    <groups>
    </groups>
    <test name="Default test" duration-ms="3798" started-at="2021-04-16T11:31:49 CDT" finished-at="2021-04-16T11:31:52 CDT">
      <class name="RentalCarsMocking.RentalCarsApiTests">
        <test-method status="PASS" signature="setUp()[pri:0, instance:RentalCarsMocking.RentalCarsApiTests@5d534f5d]" name="setUp" is-config="true" duration-ms="759" started-at="2021-04-16T11:31:48 CDT" finished-at="2021-04-16T11:31:49 CDT">
          <reporter-output>
          </reporter-output>
        </test-method> <!-- setUp -->
        <test-method status="PASS" signature="get_RentalCarsResponse()[pri:0, instance:RentalCarsMocking.RentalCarsApiTests@5d534f5d]" name="get_RentalCarsResponse" is-config="true" duration-ms="1395" started-at="2021-04-16T11:31:49 CDT" finished-at="2021-04-16T11:31:50 CDT">
          <reporter-output>
          </reporter-output>
        </test-method> <!-- get_RentalCarsResponse -->
        <test-method status="PASS" signature="createExtentReport()[pri:0, instance:RentalCarsMocking.RentalCarsApiTests@5d534f5d]" name="createExtentReport" is-config="true" duration-ms="128" started-at="2021-04-16T11:31:50 CDT" finished-at="2021-04-16T11:31:50 CDT">
          <reporter-output>
          </reporter-output>
        </test-method> <!-- createExtentReport -->
        <test-method status="PASS" signature="test_01_get_BlueTeslaCarsWithNotes()[pri:1, instance:RentalCarsMocking.RentalCarsApiTests@5d534f5d]" name="test_01_get_BlueTeslaCarsWithNotes" duration-ms="1186" started-at="2021-04-16T11:31:50 CDT" finished-at="2021-04-16T11:31:51 CDT">
          <reporter-output>
          </reporter-output>
        </test-method> <!-- test_01_get_BlueTeslaCarsWithNotes -->
        <test-method status="PASS" signature="test_02_get_LowestCarPriceAndLowestDiscount()[pri:2, instance:RentalCarsMocking.RentalCarsApiTests@5d534f5d]" name="test_02_get_LowestCarPriceAndLowestDiscount" duration-ms="317" started-at="2021-04-16T11:31:51 CDT" finished-at="2021-04-16T11:31:52 CDT">
          <reporter-output>
          </reporter-output>
        </test-method> <!-- test_02_get_LowestCarPriceAndLowestDiscount -->
        <test-method status="PASS" signature="test_03_printAllCarsWith_HighestRevenue()[pri:2, instance:RentalCarsMocking.RentalCarsApiTests@5d534f5d]" name="test_03_printAllCarsWith_HighestRevenue" duration-ms="486" started-at="2021-04-16T11:31:52 CDT" finished-at="2021-04-16T11:31:52 CDT">
          <reporter-output>
          </reporter-output>
        </test-method> <!-- test_03_printAllCarsWith_HighestRevenue -->
        <test-method status="PASS" signature="close_ExtentReport()[pri:0, instance:RentalCarsMocking.RentalCarsApiTests@5d534f5d]" name="close_ExtentReport" is-config="true" duration-ms="233" started-at="2021-04-16T11:31:52 CDT" finished-at="2021-04-16T11:31:52 CDT">
          <reporter-output>
          </reporter-output>
        </test-method> <!-- close_ExtentReport -->
        <test-method status="PASS" signature="tearDown_WiremockServer()[pri:0, instance:RentalCarsMocking.RentalCarsApiTests@5d534f5d]" name="tearDown_WiremockServer" is-config="true" duration-ms="1" started-at="2021-04-16T11:31:52 CDT" finished-at="2021-04-16T11:31:52 CDT">
          <reporter-output>
          </reporter-output>
        </test-method> <!-- tearDown_WiremockServer -->
      </class> <!-- RentalCarsMocking.RentalCarsApiTests -->
    </test> <!-- Default test -->
  </suite> <!-- Default suite -->
</testng-results>
